2015-08-14/16:18:37.045/CEST [run.Launcher] INFO  #### Predictor Factory was initialized ####
2015-08-14/16:18:38.157/CEST [connection.Network] INFO  #### Successfully connected to the database ####
2015-08-14/16:18:38.641/CEST [run.Launcher] INFO  #### Finished collecting metadata ####
2015-08-14/16:18:38.657/CEST [connection.Network] INFO  ORA-00942: table or view does not exist
 | DROP VIEW "PREDICTOR_FACTORY"."mainSample"
2015-08-14/16:18:38.673/CEST [connection.Network] INFO  ORA-00942: table or view does not exist
 | DROP VIEW "PREDICTOR_FACTORY"."PREDICTOR100001"
2015-08-14/16:18:38.673/CEST [connection.Network] INFO  ORA-00942: table or view does not exist
 | DROP VIEW "PREDICTOR_FACTORY"."PREDICTOR100002"
2015-08-14/16:18:38.673/CEST [connection.Network] INFO  ORA-00942: table or view does not exist
 | DROP VIEW "PREDICTOR_FACTORY"."PREDICTOR100003"
2015-08-14/16:18:38.688/CEST [connection.Network] INFO  ORA-00942: table or view does not exist
 | DROP VIEW "PREDICTOR_FACTORY"."PREDICTOR100004"
2015-08-14/16:18:38.688/CEST [connection.Network] INFO  ORA-00942: table or view does not exist
 | DROP VIEW "PREDICTOR_FACTORY"."PREDICTOR100005"
2015-08-14/16:18:38.688/CEST [connection.Network] INFO  ORA-00942: table or view does not exist
 | DROP VIEW "PREDICTOR_FACTORY"."PREDICTOR100006"
2015-08-14/16:18:38.688/CEST [connection.Network] INFO  ORA-00942: table or view does not exist
 | DROP VIEW "PREDICTOR_FACTORY"."PREDICTOR100007"
2015-08-14/16:18:38.688/CEST [connection.Network] INFO  ORA-00942: table or view does not exist
 | DROP VIEW "PREDICTOR_FACTORY"."PREDICTOR100008"
2015-08-14/16:18:38.704/CEST [connection.Network] INFO  ORA-00942: table or view does not exist
 | DROP VIEW "PREDICTOR_FACTORY"."propagated_account_002"
2015-08-14/16:18:38.704/CEST [connection.Network] INFO  ORA-00942: table or view does not exist
 | DROP VIEW "PREDICTOR_FACTORY"."propagated_loan_001"
2015-08-14/16:18:38.704/CEST [connection.Network] INFO  ORA-00942: table or view does not exist
 | DROP VIEW "PREDICTOR_FACTORY"."propagated_order_003"
2015-08-14/16:18:38.704/CEST [connection.Network] INFO  ORA-00942: table or view does not exist
 | DROP VIEW "PREDICTOR_FACTORY"."base_sampled"
2015-08-14/16:18:38.720/CEST [connection.Network] INFO  ORA-00942: table or view does not exist
 | DROP VIEW "PREDICTOR_FACTORY"."journal"
2015-08-14/16:18:38.720/CEST [connection.Network] INFO  ORA-12003: materialized view "PREDICTOR_FACTORY"."mainSample" does not exist
 | DROP MATERIALIZED VIEW "PREDICTOR_FACTORY"."mainSample"
2015-08-14/16:18:38.720/CEST [connection.Network] INFO  ORA-12003: materialized view "PREDICTOR_FACTORY"."mainSample_temp100" does not exist
 | DROP MATERIALIZED VIEW "PREDICTOR_FACTORY"."mainSample_temp100"
2015-08-14/16:18:38.735/CEST [connection.Network] INFO  ORA-12003: materialized view "PREDICTOR_FACTORY"."PREDICTOR100001" does not exist
 | DROP MATERIALIZED VIEW "PREDICTOR_FACTORY"."PREDICTOR100001"
2015-08-14/16:18:38.735/CEST [connection.Network] INFO  ORA-12003: materialized view "PREDICTOR_FACTORY"."PREDICTOR100002" does not exist
 | DROP MATERIALIZED VIEW "PREDICTOR_FACTORY"."PREDICTOR100002"
2015-08-14/16:18:38.751/CEST [connection.Network] INFO  ORA-12003: materialized view "PREDICTOR_FACTORY"."PREDICTOR100003" does not exist
 | DROP MATERIALIZED VIEW "PREDICTOR_FACTORY"."PREDICTOR100003"
2015-08-14/16:18:38.751/CEST [connection.Network] INFO  ORA-12003: materialized view "PREDICTOR_FACTORY"."PREDICTOR100004" does not exist
 | DROP MATERIALIZED VIEW "PREDICTOR_FACTORY"."PREDICTOR100004"
2015-08-14/16:18:38.751/CEST [connection.Network] INFO  ORA-12003: materialized view "PREDICTOR_FACTORY"."PREDICTOR100005" does not exist
 | DROP MATERIALIZED VIEW "PREDICTOR_FACTORY"."PREDICTOR100005"
2015-08-14/16:18:38.766/CEST [connection.Network] INFO  ORA-12003: materialized view "PREDICTOR_FACTORY"."PREDICTOR100006" does not exist
 | DROP MATERIALIZED VIEW "PREDICTOR_FACTORY"."PREDICTOR100006"
2015-08-14/16:18:38.766/CEST [connection.Network] INFO  ORA-12003: materialized view "PREDICTOR_FACTORY"."PREDICTOR100007" does not exist
 | DROP MATERIALIZED VIEW "PREDICTOR_FACTORY"."PREDICTOR100007"
2015-08-14/16:18:38.766/CEST [connection.Network] INFO  ORA-12003: materialized view "PREDICTOR_FACTORY"."PREDICTOR100008" does not exist
 | DROP MATERIALIZED VIEW "PREDICTOR_FACTORY"."PREDICTOR100008"
2015-08-14/16:18:38.782/CEST [connection.Network] INFO  ORA-12003: materialized view "PREDICTOR_FACTORY"."propagated_account_002" does not exist
 | DROP MATERIALIZED VIEW "PREDICTOR_FACTORY"."propagated_account_002"
2015-08-14/16:18:38.784/CEST [connection.Network] INFO  ORA-12003: materialized view "PREDICTOR_FACTORY"."propagated_loan_001" does not exist
 | DROP MATERIALIZED VIEW "PREDICTOR_FACTORY"."propagated_loan_001"
2015-08-14/16:18:38.784/CEST [connection.Network] INFO  ORA-12003: materialized view "PREDICTOR_FACTORY"."propagated_order_003" does not exist
 | DROP MATERIALIZED VIEW "PREDICTOR_FACTORY"."propagated_order_003"
2015-08-14/16:18:38.800/CEST [connection.Network] INFO  ORA-12003: materialized view "PREDICTOR_FACTORY"."base_sampled" does not exist
 | DROP MATERIALIZED VIEW "PREDICTOR_FACTORY"."base_sampled"
2015-08-14/16:18:38.800/CEST [connection.Network] INFO  ORA-12003: materialized view "PREDICTOR_FACTORY"."base" does not exist
 | DROP MATERIALIZED VIEW "PREDICTOR_FACTORY"."base"
2015-08-14/16:18:38.816/CEST [connection.Network] INFO  ORA-12003: materialized view "PREDICTOR_FACTORY"."journal" does not exist
 | DROP MATERIALIZED VIEW "PREDICTOR_FACTORY"."journal"
2015-08-14/16:18:38.831/CEST [connection.Network] INFO  ORA-00942: table or view does not exist
 | DROP TABLE "PREDICTOR_FACTORY"."mainSample_temp100"
2015-08-14/16:18:39.003/CEST [connection.Network] INFO  ORA-00942: table or view does not exist
 | DROP TABLE "PREDICTOR_FACTORY"."base"
2015-08-14/16:18:39.003/CEST [run.Launcher] INFO  #### Finished cleaning ####
2015-08-14/16:18:39.066/CEST [propagation.Propagation] INFO  #### Finished propagation at depth: 1 ####
2015-08-14/16:18:39.097/CEST [propagation.Propagation] INFO  #### Finished propagation at depth: 2 ####
2015-08-14/16:18:39.128/CEST [run.Launcher] INFO  #### Finished base propagation into 3 tables ####
2015-08-14/16:21:35.943/CEST [connection.Network] INFO  ORA-00909: invalid number of arguments
 | SELECT count("account_date_directFiel_100007")*power(corr(dateToNumber("account_date_directFiel_100007" - TO_DATE('01011970','DDMMYYYY')), 2) FROM "PREDICTOR_FACTORY"."PREDICTOR100007" WHERE "account_date_directFiel_100007" is not null AND "propagated_target" is not null<missing ')'>
2015-08-14/16:21:35.960/CEST [connection.SQL] INFO  The response in correlation calculation is null (constant values, empty table...), return 0.
2015-08-14/16:27:43.226/CEST [connection.Network] INFO  ORA-00909: invalid number of arguments
 | SELECT count("loan_date_directField_t_100008")*power(corr(dateToNumber("loan_date_directField_t_100008" - TO_DATE('01011970','DDMMYYYY')), 2) FROM "PREDICTOR_FACTORY"."PREDICTOR100008" WHERE "loan_date_directField_t_100008" is not null AND "propagated_target" is not null<missing ')'>
2015-08-14/16:27:43.234/CEST [connection.SQL] INFO  The response in correlation calculation is null (constant values, empty table...), return 0.
2015-08-14/16:27:43.312/CEST [connection.Network] INFO  ORA-01702: a view is not appropriate here
 | CREATE INDEX mainSample_temp100_idx ON "PREDICTOR_FACTORY"."mainSample_temp100" ("propagated_id1", "propagated_date")
2015-08-14/16:27:43.437/CEST [run.Launcher] INFO  #### Finished making the table of predictors ####
2015-08-14/16:27:43.562/CEST [connection.Network] INFO  ORA-00942: table or view does not exist
 | insert into "PREDICTOR_FACTORY"."log" (schema_name, runtime) values ('FINANCIAL', 546704)
2015-08-14/16:27:43.562/CEST [run.Launcher] INFO  #### Finished testing 8 predictors ####
2015-08-14/16:27:44.016/CEST [connection.Network] INFO  #### Successfully connected to the database ####
